info it worked if it ends with ok
verbose cli [ 'node',
verbose cli   '/home/.nvm/v0.4.7/bin/npm',
verbose cli   'install',
verbose cli   'lessc' ]
info using npm@1.0.106
info using node@v0.4.7
verbose config file /home/ubuntu/.npmrc
verbose config file /home/.nvm/v0.4.7/etc/npmrc
verbose config file /home/.nvm/v0.4.7/lib/node_modules/npm/npmrc
silly testEngine { name: 'less',
silly testEngine   description: 'Leaner CSS',
silly testEngine   url: 'http://lesscss.org',
silly testEngine   keywords: [ 'css', 'parser', 'lesscss', 'browser' ],
silly testEngine   author: 
silly testEngine    { name: 'Alexis Sellier',
silly testEngine      email: 'self@cloudhead.net' },
silly testEngine   contributors: [],
silly testEngine   version: '1.3.0',
silly testEngine   bin: { lessc: './bin/lessc' },
silly testEngine   main: './lib/less/index',
silly testEngine   directories: { test: './test' },
silly testEngine   engines: { node: '>=0.4.0' },
silly testEngine   _id: 'less@1.3.0',
silly testEngine   dependencies: {},
silly testEngine   devDependencies: {},
silly testEngine   _engineSupported: true,
silly testEngine   _npmVersion: '1.0.106',
silly testEngine   _nodeVersion: 'v0.4.7',
silly testEngine   _defaultsLoaded: true }
verbose caching /home/node_modules/less/package.json
verbose loadDefaults less@1.3.0
verbose into /home [ 'lessc' ]
verbose cache add lessc
verbose cache add [ 'lessc', null ]
silly cache add: name, spec, args [ undefined, 'lessc', [ 'lessc', null ] ]
verbose parsed url { pathname: 'lessc', href: 'lessc' }
info addNamed [ 'lessc', '' ]
verbose addNamed [ null, '' ]
verbose GET lessc
verbose raw, before any munging lessc
verbose url resolving [ 'http://registry.npmjs.org/', './lessc' ]
verbose url resolved http://registry.npmjs.org/lessc
silly get cb [ 404,
silly get cb   { server: 'CouchDB/1.2.0 (Erlang OTP/R15B)',
silly get cb     date: 'Tue, 19 Jun 2012 05:30:25 GMT',
silly get cb     'content-type': 'application/json',
silly get cb     'content-length': '52',
silly get cb     'cache-control': 'must-revalidate' } ]
ERR! 404 'lessc' is not in the npm registry.
ERR! 404 You could maybe bug the author to publish it
ERR! 404 Note that you can also install from a tarball or folder.
ERR! 
ERR! System Linux 2.6.35-24-virtual
ERR! command "node" "/home/.nvm/v0.4.7/bin/npm" "install" "lessc"
ERR! cwd /home/teambox/app/webroot/css/less
ERR! node -v v0.4.7
ERR! npm -v 1.0.106
ERR! code E404
verbose exit [ 1, true ]
